#
# There is insufficient memory for the Java Runtime Environment to continue.
# Native memory allocation (malloc) failed to allocate 60817408 bytes for committing reserved memory.
# Possible reasons:
#   The system is out of physical RAM or swap space
#   In 32 bit mode, the process size limit was hit
# Possible solutions:
#   Reduce memory load on the system
#   Increase physical memory or swap space
#   Check if swap backing store is full
#   Use 64 bit Java on a 64 bit OS
#   Decrease Java heap size (-Xmx/-Xms)
#   Decrease number of Java threads
#   Decrease Java thread stack sizes (-Xss)
#   Set larger code cache with -XX:ReservedCodeCacheSize=
# This output file may be truncated or incomplete.
#
#  Out of Memory Error (os_linux.cpp:2747), pid=7678, tid=140133250332416
#
# JRE version: Java(TM) SE Runtime Environment (7.0_60-b19) (build 1.7.0_60-b19)
# Java VM: Java HotSpot(TM) 64-Bit Server VM (24.60-b09 mixed mode linux-amd64 compressed oops)
# Failed to write core dump. Core dumps have been disabled. To enable core dumping, try "ulimit -c unlimited" before starting Java again
#

---------------  T H R E A D  ---------------

Current thread (0x00007f735c131000):  VMThread [stack: 0x00007f73508b7000,0x00007f73509b8000] [id=7692]

Stack: [0x00007f73508b7000,0x00007f73509b8000],  sp=0x00007f73509b6240,  free space=1020k
Native frames: (J=compiled Java code, j=interpreted, Vv=VM code, C=native code)
V  [libjvm.so+0x99e7ca]  VMError::report_and_die()+0x2ea
V  [libjvm.so+0x496fbb]  report_vm_out_of_memory(char const*, int, unsigned long, char const*)+0x9b
V  [libjvm.so+0x81d81e]  os::Linux::commit_memory_impl(char*, unsigned long, bool)+0xfe
V  [libjvm.so+0x81dd69]  os::pd_commit_memory(char*, unsigned long, unsigned long, bool)+0x29
V  [libjvm.so+0x817b0a]  os::commit_memory(char*, unsigned long, unsigned long, bool)+0x2a
V  [libjvm.so+0x88a613]  PSVirtualSpace::expand_by(unsigned long)+0x53
V  [libjvm.so+0x88b9e8]  PSYoungGen::resize_generation(unsigned long, unsigned long)+0xf8
V  [libjvm.so+0x88ab52]  PSYoungGen::resize(unsigned long, unsigned long)+0x22
V  [libjvm.so+0x887fa3]  PSScavenge::invoke_no_policy()+0xfb3
V  [libjvm.so+0x888751]  PSScavenge::invoke()+0x41
V  [libjvm.so+0x83f370]  ParallelScavengeHeap::failed_mem_allocate(unsigned long)+0x70
V  [libjvm.so+0x9a0067]  VM_ParallelGCFailedAllocation::doit()+0x97
V  [libjvm.so+0x9a7505]  VM_Operation::evaluate()+0x55
V  [libjvm.so+0x9a58ca]  VMThread::evaluate_operation(VM_Operation*)+0xba
V  [libjvm.so+0x9a5c4e]  VMThread::loop()+0x1ce
V  [libjvm.so+0x9a60c0]  VMThread::run()+0x70
V  [libjvm.so+0x81f7f8]  java_start(Thread*)+0x108

VM_Operation (0x00007f7362679160): ParallelGCFailedAllocation, mode: safepoint, requested by thread 0x00007f735c00a000


---------------  P R O C E S S  ---------------

Java Threads: ( => current thread )
  0x00007f735c15e000 JavaThread "Service Thread" daemon [_thread_blocked, id=7698, stack(0x00007f73502b1000,0x00007f73503b2000)]
  0x00007f735c15c000 JavaThread "C2 CompilerThread1" daemon [_thread_blocked, id=7697, stack(0x00007f73503b2000,0x00007f73504b3000)]
  0x00007f735c159000 JavaThread "C2 CompilerThread0" daemon [_thread_blocked, id=7696, stack(0x00007f73504b3000,0x00007f73505b4000)]
  0x00007f735c151000 JavaThread "Signal Dispatcher" daemon [_thread_blocked, id=7695, stack(0x00007f73505b4000,0x00007f73506b5000)]
  0x00007f735c137000 JavaThread "Finalizer" daemon [_thread_blocked, id=7694, stack(0x00007f73506b5000,0x00007f73507b6000)]
  0x00007f735c135000 JavaThread "Reference Handler" daemon [_thread_blocked, id=7693, stack(0x00007f73507b6000,0x00007f73508b7000)]
  0x00007f735c00a000 JavaThread "main" [_thread_blocked, id=7687, stack(0x00007f736257a000,0x00007f736267b000)]

Other Threads:
=>0x00007f735c131000 VMThread [stack: 0x00007f73508b7000,0x00007f73509b8000] [id=7692]
  0x00007f735c169000 WatcherThread [stack: 0x00007f73501b0000,0x00007f73502b1000] [id=7699]

VM state:at safepoint (normal execution)

VM Mutex/Monitor currently owned by a thread:  ([mutex/lock_event])
[0x00007f735c006690] Threads_lock - owner thread: 0x00007f735c131000
[0x00007f735c006b90] Heap_lock - owner thread: 0x00007f735c00a000

Heap
 PSYoungGen      total 77312K, used 14734K [0x00000000eaa80000, 0x00000000f0b80000, 0x0000000100000000)
  eden space 60416K, 0% used [0x00000000eaa80000,0x00000000eaa80000,0x00000000ee580000)
  from space 16896K, 87% used [0x00000000ee580000,0x00000000ef3e3a88,0x00000000ef600000)
  to   space 11776K, 0% used [0x00000000ef600000,0x00000000ef600000,0x00000000f0180000)
 ParOldGen       total 41984K, used 35764K [0x00000000c0000000, 0x00000000c2900000, 0x00000000eaa80000)
  object space 41984K, 85% used [0x00000000c0000000,0x00000000c22ed320,0x00000000c2900000)
 PSPermGen       total 21504K, used 6844K [0x00000000bae00000, 0x00000000bc300000, 0x00000000c0000000)
  object space 21504K, 31% used [0x00000000bae00000,0x00000000bb4af3b0,0x00000000bc300000)

Card table byte_map: [0x00007f7358589000,0x00007f73587b3000] byte_map_base: 0x00007f7357fb2000

Polling page: 0x00007f73626a4000

Code Cache  [0x00007f73587b3000, 0x00007f7358a23000, 0x00007f735b7b3000)
 total_blobs=1042 nmethods=793 adapters=203 free_code_cache=46723Kb largest_free_block=47794624

Compilation events (10 events):
Event: 6.020 Thread 0x00007f735c15c000 nmethod 791 0x00007f73589fe050 code [0x00007f73589fe1a0, 0x00007f73589fe378]
Event: 6.020 Thread 0x00007f735c15c000  794             com.android.dx.io.instructions.InstructionCodec$2::encode (11 bytes)
Event: 6.021 Thread 0x00007f735c159000 nmethod 793 0x00007f7358a06550 code [0x00007f7358a066a0, 0x00007f7358a06798]
Event: 6.021 Thread 0x00007f735c15c000 nmethod 794 0x00007f7358a16a90 code [0x00007f7358a16be0, 0x00007f7358a16cd8]
Event: 6.037 Thread 0x00007f735c159000  795             com.android.dx.io.instructions.InstructionCodec$6::decode (40 bytes)
Event: 6.037 Thread 0x00007f735c15c000  796             com.android.dx.io.instructions.InstructionCodec$6::encode (26 bytes)
Event: 6.039 Thread 0x00007f735c15c000 nmethod 796 0x00007f7358a03b90 code [0x00007f7358a03ce0, 0x00007f7358a03e38]
Event: 6.039 Thread 0x00007f735c15c000  797             com.android.dx.io.instructions.DecodedInstruction::getTargetByte (48 bytes)
Event: 6.039 Thread 0x00007f735c159000 nmethod 795 0x00007f7358a037d0 code [0x00007f7358a03920, 0x00007f7358a03a78]
Event: 6.040 Thread 0x00007f735c15c000 nmethod 797 0x00007f7358a03590 code [0x00007f7358a036c0, 0x00007f7358a03738]

GC Heap History (10 events):
Event: 3.038 GC heap after
Heap after GC invocations=2 (full 0):
 PSYoungGen      total 18944K, used 2558K [0x00000000eaa80000, 0x00000000ecf80000, 0x0000000100000000)
  eden space 16384K, 0% used [0x00000000eaa80000,0x00000000eaa80000,0x00000000eba80000)
  from space 2560K, 99% used [0x00000000ebd00000,0x00000000ebf7fa00,0x00000000ebf80000)
  to   space 2560K, 0% used [0x00000000eba80000,0x00000000eba80000,0x00000000ebd00000)
 ParOldGen       total 41984K, used 4323K [0x00000000c0000000, 0x00000000c2900000, 0x00000000eaa80000)
  object space 41984K, 10% used [0x00000000c0000000,0x00000000c0438f58,0x00000000c2900000)
 PSPermGen       total 21504K, used 5333K [0x00000000bae00000, 0x00000000bc300000, 0x00000000c0000000)
  object space 21504K, 24% used [0x00000000bae00000,0x00000000bb335630,0x00000000bc300000)
}
Event: 3.392 GC heap before
{Heap before GC invocations=3 (full 0):
 PSYoungGen      total 18944K, used 18942K [0x00000000eaa80000, 0x00000000ecf80000, 0x0000000100000000)
  eden space 16384K, 100% used [0x00000000eaa80000,0x00000000eba80000,0x00000000eba80000)
  from space 2560K, 99% used [0x00000000ebd00000,0x00000000ebf7fa00,0x00000000ebf80000)
  to   space 2560K, 0% used [0x00000000eba80000,0x00000000eba80000,0x00000000ebd00000)
 ParOldGen       total 41984K, used 4323K [0x00000000c0000000, 0x00000000c2900000, 0x00000000eaa80000)
  object space 41984K, 10% used [0x00000000c0000000,0x00000000c0438f58,0x00000000c2900000)
 PSPermGen       total 21504K, used 5441K [0x00000000bae00000, 0x00000000bc300000, 0x00000000c0000000)
  object space 21504K, 25% used [0x00000000bae00000,0x00000000bb3507a0,0x00000000bc300000)
Event: 3.405 GC heap after
Heap after GC invocations=3 (full 0):
 PSYoungGen      total 18944K, used 2551K [0x00000000eaa80000, 0x00000000ecf80000, 0x0000000100000000)
  eden space 16384K, 0% used [0x00000000eaa80000,0x00000000eaa80000,0x00000000eba80000)
  from space 2560K, 99% used [0x00000000eba80000,0x00000000ebcfdfc8,0x00000000ebd00000)
  to   space 2560K, 0% used [0x00000000ecd00000,0x00000000ecd00000,0x00000000ecf80000)
 ParOldGen       total 41984K, used 11570K [0x00000000c0000000, 0x00000000c2900000, 0x00000000eaa80000)
  object space 41984K, 27% used [0x00000000c0000000,0x00000000c0b4ca00,0x00000000c2900000)
 PSPermGen       total 21504K, used 5441K [0x00000000bae00000, 0x00000000bc300000, 0x00000000c0000000)
  object space 21504K, 25% used [0x00000000bae00000,0x00000000bb3507a0,0x00000000bc300000)
}
Event: 3.554 GC heap before
{Heap before GC invocations=4 (full 0):
 PSYoungGen      total 18944K, used 18935K [0x00000000eaa80000, 0x00000000ecf80000, 0x0000000100000000)
  eden space 16384K, 100% used [0x00000000eaa80000,0x00000000eba80000,0x00000000eba80000)
  from space 2560K, 99% used [0x00000000eba80000,0x00000000ebcfdfc8,0x00000000ebd00000)
  to   space 2560K, 0% used [0x00000000ecd00000,0x00000000ecd00000,0x00000000ecf80000)
 ParOldGen       total 41984K, used 11570K [0x00000000c0000000, 0x00000000c2900000, 0x00000000eaa80000)
  object space 41984K, 27% used [0x00000000c0000000,0x00000000c0b4ca00,0x00000000c2900000)
 PSPermGen       total 21504K, used 5451K [0x00000000bae00000, 0x00000000bc300000, 0x00000000c0000000)
  object space 21504K, 25% used [0x00000000bae00000,0x00000000bb352f98,0x00000000bc300000)
Event: 3.566 GC heap after
Heap after GC invocations=4 (full 0):
 PSYoungGen      total 35328K, used 2547K [0x00000000eaa80000, 0x00000000ecf80000, 0x0000000100000000)
  eden space 32768K, 0% used [0x00000000eaa80000,0x00000000eaa80000,0x00000000eca80000)
  from space 2560K, 99% used [0x00000000ecd00000,0x00000000ecf7cf90,0x00000000ecf80000)
  to   space 2560K, 0% used [0x00000000eca80000,0x00000000eca80000,0x00000000ecd00000)
 ParOldGen       total 41984K, used 18579K [0x00000000c0000000, 0x00000000c2900000, 0x00000000eaa80000)
  object space 41984K, 44% used [0x00000000c0000000,0x00000000c1224f98,0x00000000c2900000)
 PSPermGen       total 21504K, used 5451K [0x00000000bae00000, 0x00000000bc300000, 0x00000000c0000000)
  object space 21504K, 25% used [0x00000000bae00000,0x00000000bb352f98,0x00000000bc300000)
}
Event: 3.970 GC heap before
{Heap before GC invocations=5 (full 0):
 PSYoungGen      total 35328K, used 35315K [0x00000000eaa80000, 0x00000000ecf80000, 0x0000000100000000)
  eden space 32768K, 100% used [0x00000000eaa80000,0x00000000eca80000,0x00000000eca80000)
  from space 2560K, 99% used [0x00000000ecd00000,0x00000000ecf7cf90,0x00000000ecf80000)
  to   space 2560K, 0% used [0x00000000eca80000,0x00000000eca80000,0x00000000ecd00000)
 ParOldGen       total 41984K, used 18579K [0x00000000c0000000, 0x00000000c2900000, 0x00000000eaa80000)
  object space 41984K, 44% used [0x00000000c0000000,0x00000000c1224f98,0x00000000c2900000)
 PSPermGen       total 21504K, used 5462K [0x00000000bae00000, 0x00000000bc300000, 0x00000000c0000000)
  object space 21504K, 25% used [0x00000000bae00000,0x00000000bb355ac8,0x00000000bc300000)
Event: 3.983 GC heap after
Heap after GC invocations=5 (full 0):
 PSYoungGen      total 35328K, used 2555K [0x00000000eaa80000, 0x00000000f0180000, 0x0000000100000000)
  eden space 32768K, 0% used [0x00000000eaa80000,0x00000000eaa80000,0x00000000eca80000)
  from space 2560K, 99% used [0x00000000eca80000,0x00000000eccfeff0,0x00000000ecd00000)
  to   space 11776K, 0% used [0x00000000ef600000,0x00000000ef600000,0x00000000f0180000)
 ParOldGen       total 41984K, used 21287K [0x00000000c0000000, 0x00000000c2900000, 0x00000000eaa80000)
  object space 41984K, 50% used [0x00000000c0000000,0x00000000c14c9e48,0x00000000c2900000)
 PSPermGen       total 21504K, used 5462K [0x00000000bae00000, 0x00000000bc300000, 0x00000000c0000000)
  object space 21504K, 25% used [0x00000000bae00000,0x00000000bb355ac8,0x00000000bc300000)
}
Event: 5.467 GC heap before
{Heap before GC invocations=6 (full 0):
 PSYoungGen      total 35328K, used 35323K [0x00000000eaa80000, 0x00000000f0180000, 0x0000000100000000)
  eden space 32768K, 100% used [0x00000000eaa80000,0x00000000eca80000,0x00000000eca80000)
  from space 2560K, 99% used [0x00000000eca80000,0x00000000eccfeff0,0x00000000ecd00000)
  to   space 11776K, 0% used [0x00000000ef600000,0x00000000ef600000,0x00000000f0180000)
 ParOldGen       total 41984K, used 21287K [0x00000000c0000000, 0x00000000c2900000, 0x00000000eaa80000)
  object space 41984K, 50% used [0x00000000c0000000,0x00000000c14c9e48,0x00000000c2900000)
 PSPermGen       total 21504K, used 6583K [0x00000000bae00000, 0x00000000bc300000, 0x00000000c0000000)
  object space 21504K, 30% used [0x00000000bae00000,0x00000000bb46dd78,0x00000000bc300000)
Event: 5.495 GC heap after
Heap after GC invocations=6 (full 0):
 PSYoungGen      total 72192K, used 11749K [0x00000000eaa80000, 0x00000000f0b80000, 0x0000000100000000)
  eden space 60416K, 0% used [0x00000000eaa80000,0x00000000eaa80000,0x00000000ee580000)
  from space 11776K, 99% used [0x00000000ef600000,0x00000000f0179628,0x00000000f0180000)
  to   space 16896K, 0% used [0x00000000ee580000,0x00000000ee580000,0x00000000ef600000)
 ParOldGen       total 41984K, used 27138K [0x00000000c0000000, 0x00000000c2900000, 0x00000000eaa80000)
  object space 41984K, 64% used [0x00000000c0000000,0x00000000c1a80a28,0x00000000c2900000)
 PSPermGen       total 21504K, used 6583K [0x00000000bae00000, 0x00000000bc300000, 0x00000000c0000000)
  object space 21504K, 30% used [0x00000000bae00000,0x00000000bb46dd78,0x00000000bc300000)
}
Event: 6.056 GC heap before
{Heap before GC invocations=7 (full 0):
 PSYoungGen      total 72192K, used 72165K [0x00000000eaa80000, 0x00000000f0b80000, 0x0000000100000000)
  eden space 60416K, 100% used [0x00000000eaa80000,0x00000000ee580000,0x00000000ee580000)
  from space 11776K, 99% used [0x00000000ef600000,0x00000000f0179628,0x00000000f0180000)
  to   space 16896K, 0% used [0x00000000ee580000,0x00000000ee580000,0x00000000ef600000)
 ParOldGen       total 41984K, used 27138K [0x00000000c0000000, 0x00000000c2900000, 0x00000000eaa80000)
  object space 41984K, 64% used [0x00000000c0000000,0x00000000c1a80a28,0x00000000c2900000)
 PSPermGen       total 21504K, used 6844K [0x00000000bae00000, 0x00000000bc300000, 0x00000000c0000000)
  object space 21504K, 31% used [0x00000000bae00000,0x00000000bb4af3b0,0x00000000bc300000)

Deoptimization events (10 events):
Event: 5.112 Thread 0x00007f735c00a000 Uncommon trap: reason=class_check action=maybe_recompile pc=0x00007f7358984234 method=com.android.dx.merge.DexMerger$IdMerger$UnsortedValue.compareTo(Lcom/android/dx/merge/DexMerger$IdMerger$UnsortedValue;)I @ 8
Event: 5.112 Thread 0x00007f735c00a000 Uncommon trap: reason=class_check action=maybe_recompile pc=0x00007f7358984234 method=com.android.dx.merge.DexMerger$IdMerger$UnsortedValue.compareTo(Lcom/android/dx/merge/DexMerger$IdMerger$UnsortedValue;)I @ 8
Event: 5.112 Thread 0x00007f735c00a000 Uncommon trap: reason=class_check action=maybe_recompile pc=0x00007f7358984234 method=com.android.dx.merge.DexMerger$IdMerger$UnsortedValue.compareTo(Lcom/android/dx/merge/DexMerger$IdMerger$UnsortedValue;)I @ 8
Event: 5.112 Thread 0x00007f735c00a000 Uncommon trap: reason=class_check action=maybe_recompile pc=0x00007f7358984234 method=com.android.dx.merge.DexMerger$IdMerger$UnsortedValue.compareTo(Lcom/android/dx/merge/DexMerger$IdMerger$UnsortedValue;)I @ 8
Event: 5.112 Thread 0x00007f735c00a000 Uncommon trap: reason=class_check action=maybe_recompile pc=0x00007f7358982150 method=com.android.dx.merge.DexMerger$IdMerger$UnsortedValue.compareTo(Lcom/android/dx/merge/DexMerger$IdMerger$UnsortedValue;)I @ 8
Event: 5.174 Thread 0x00007f735c00a000 Uncommon trap: reason=unreached action=reinterpret pc=0x00007f735899fee0 method=com.android.dx.merge.SortableType$1.compare(Lcom/android/dx/merge/SortableType;Lcom/android/dx/merge/SortableType;)I @ 2
Event: 5.760 Thread 0x00007f735c00a000 Uncommon trap: reason=predicate action=maybe_recompile pc=0x00007f73589a10a8 method=java.util.ComparableTimSort.binarySort([Ljava/lang/Object;III)V @ 37
Event: 5.761 Thread 0x00007f735c00a000 Uncommon trap: reason=bimorphic action=maybe_recompile pc=0x00007f735898eec8 method=com.android.dx.merge.DexMerger$IdMerger.mergeSorted()V @ 11
Event: 5.827 Thread 0x00007f735c00a000 Uncommon trap: reason=predicate action=maybe_recompile pc=0x00007f73589944a4 method=com.android.dex.Leb128.readUnsignedLeb128(Lcom/android/dex/util/ByteInput;)I @ 41
Event: 5.902 Thread 0x00007f735c00a000 Uncommon trap: reason=unreached action=reinterpret pc=0x00007f73589a4094 method=com.android.dx.merge.SortableType$1.compare(Lcom/android/dx/merge/SortableType;Lcom/android/dx/merge/SortableType;)I @ 2

Internal exceptions (10 events):
Event: 5.192 Thread 0x00007f735c00a000 Threw 0x00000000ebc53920 at /HUDSON/workspace/7u-2-build-linux-amd64/jdk7u60/1081/hotspot/src/share/vm/prims/jvm.cpp:1244
Event: 5.193 Thread 0x00007f735c00a000 Threw 0x00000000ebc56878 at /HUDSON/workspace/7u-2-build-linux-amd64/jdk7u60/1081/hotspot/src/share/vm/prims/jvm.cpp:1244
Event: 5.193 Thread 0x00007f735c00a000 Threw 0x00000000ebc598a8 at /HUDSON/workspace/7u-2-build-linux-amd64/jdk7u60/1081/hotspot/src/share/vm/prims/jvm.cpp:1244
Event: 5.195 Thread 0x00007f735c00a000 Threw 0x00000000ebc5d498 at /HUDSON/workspace/7u-2-build-linux-amd64/jdk7u60/1081/hotspot/src/share/vm/prims/jvm.cpp:1244
Event: 5.195 Thread 0x00007f735c00a000 Threw 0x00000000ebc602c0 at /HUDSON/workspace/7u-2-build-linux-amd64/jdk7u60/1081/hotspot/src/share/vm/prims/jvm.cpp:1244
Event: 5.196 Thread 0x00007f735c00a000 Threw 0x00000000ebc631d8 at /HUDSON/workspace/7u-2-build-linux-amd64/jdk7u60/1081/hotspot/src/share/vm/prims/jvm.cpp:1244
Event: 5.196 Thread 0x00007f735c00a000 Threw 0x00000000ebc66620 at /HUDSON/workspace/7u-2-build-linux-amd64/jdk7u60/1081/hotspot/src/share/vm/prims/jvm.cpp:1244
Event: 5.198 Thread 0x00007f735c00a000 Threw 0x00000000ebcad7d8 at /HUDSON/workspace/7u-2-build-linux-amd64/jdk7u60/1081/hotspot/src/share/vm/prims/jvm.cpp:1244
Event: 5.199 Thread 0x00007f735c00a000 Threw 0x00000000ebcaf950 at /HUDSON/workspace/7u-2-build-linux-amd64/jdk7u60/1081/hotspot/src/share/vm/prims/jvm.cpp:1244
Event: 5.424 Thread 0x00007f735c00a000 Threw 0x00000000ec595170 at /HUDSON/workspace/7u-2-build-linux-amd64/jdk7u60/1081/hotspot/src/share/vm/prims/jvm.cpp:1244

Events (10 events):
Event: 5.761 Thread 0x00007f735c00a000 Uncommon trap: trap_request=0xffffffc6 fr.pc=0x00007f735898eec8
Event: 5.761 Thread 0x00007f735c00a000 DEOPT PACKING pc=0x00007f735898eec8 sp=0x00007f73626795d0
Event: 5.761 Thread 0x00007f735c00a000 DEOPT UNPACKING pc=0x00007f73587ec045 sp=0x00007f7362679570 mode 2
Event: 5.827 Thread 0x00007f735c00a000 Uncommon trap: trap_request=0xffffff86 fr.pc=0x00007f73589944a4
Event: 5.827 Thread 0x00007f735c00a000 DEOPT PACKING pc=0x00007f73589944a4 sp=0x00007f7362679270
Event: 5.827 Thread 0x00007f735c00a000 DEOPT UNPACKING pc=0x00007f73587ec045 sp=0x00007f7362679238 mode 2
Event: 5.902 Thread 0x00007f735c00a000 Uncommon trap: trap_request=0xffffffad fr.pc=0x00007f73589a4094
Event: 5.902 Thread 0x00007f735c00a000 DEOPT PACKING pc=0x00007f73589a4094 sp=0x00007f7362679370
Event: 5.902 Thread 0x00007f735c00a000 DEOPT UNPACKING pc=0x00007f73587ec045 sp=0x00007f73626792d8 mode 2
Event: 6.056 Executing VM operation: ParallelGCFailedAllocation


Dynamic libraries:
00400000-00401000 r-xp 00000000 08:05 6685516                            /usr/lib/jvm/java-7-oracle/jre/bin/java
00600000-00601000 rw-p 00000000 08:05 6685516                            /usr/lib/jvm/java-7-oracle/jre/bin/java
00d0d000-00d2e000 rw-p 00000000 00:00 0                                  [heap]
bae00000-bc300000 rw-p 00000000 00:00 0 
bc300000-c0000000 rw-p 00000000 00:00 0 
c0000000-c2900000 rw-p 00000000 00:00 0 
c2900000-eaa80000 rw-p 00000000 00:00 0 
eaa80000-f0b80000 rw-p 00000000 00:00 0 
f4580000-100000000 rw-p 00000000 00:00 0 
7f730c000000-7f730c045000 rw-p 00000000 00:00 0 
7f730c045000-7f7310000000 ---p 00000000 00:00 0 
7f7314000000-7f7314041000 rw-p 00000000 00:00 0 
7f7314041000-7f7318000000 ---p 00000000 00:00 0 
7f7318000000-7f7318056000 rw-p 00000000 00:00 0 
7f7318056000-7f731c000000 ---p 00000000 00:00 0 
7f731c000000-7f731c021000 rw-p 00000000 00:00 0 
7f731c021000-7f7320000000 ---p 00000000 00:00 0 
7f7320000000-7f7320062000 rw-p 00000000 00:00 0 
7f7320062000-7f7324000000 ---p 00000000 00:00 0 
7f7324000000-7f7324af9000 rw-p 00000000 00:00 0 
7f7324af9000-7f7328000000 ---p 00000000 00:00 0 
7f7328000000-7f7328021000 rw-p 00000000 00:00 0 
7f7328021000-7f732c000000 ---p 00000000 00:00 0 
7f732c000000-7f732c021000 rw-p 00000000 00:00 0 
7f732c021000-7f7330000000 ---p 00000000 00:00 0 
7f7330000000-7f7330c29000 rw-p 00000000 00:00 0 
7f7330c29000-7f7334000000 ---p 00000000 00:00 0 
7f7334000000-7f7334021000 rw-p 00000000 00:00 0 
7f7334021000-7f7338000000 ---p 00000000 00:00 0 
7f7338000000-7f7338021000 rw-p 00000000 00:00 0 
7f7338021000-7f733c000000 ---p 00000000 00:00 0 
7f733c000000-7f733c021000 rw-p 00000000 00:00 0 
7f733c021000-7f7340000000 ---p 00000000 00:00 0 
7f7340000000-7f73400e2000 rw-p 00000000 00:00 0 
7f73400e2000-7f7344000000 ---p 00000000 00:00 0 
7f7344000000-7f7344021000 rw-p 00000000 00:00 0 
7f7344021000-7f7348000000 ---p 00000000 00:00 0 
7f734ad89000-7f734aef5000 rw-p 00000000 00:00 0 
7f734aef5000-7f734af0b000 r-xp 00000000 08:05 6685381                    /usr/lib/jvm/java-7-oracle/jre/lib/amd64/libnet.so
7f734af0b000-7f734b10b000 ---p 00016000 08:05 6685381                    /usr/lib/jvm/java-7-oracle/jre/lib/amd64/libnet.so
7f734b10b000-7f734b10c000 rw-p 00016000 08:05 6685381                    /usr/lib/jvm/java-7-oracle/jre/lib/amd64/libnet.so
7f734b10c000-7f734b11c000 r-xp 00000000 08:05 6685420                    /usr/lib/jvm/java-7-oracle/jre/lib/amd64/libnio.so
7f734b11c000-7f734b31c000 ---p 00010000 08:05 6685420                    /usr/lib/jvm/java-7-oracle/jre/lib/amd64/libnio.so
7f734b31c000-7f734b31d000 rw-p 00010000 08:05 6685420                    /usr/lib/jvm/java-7-oracle/jre/lib/amd64/libnio.so
7f734b31d000-7f734b320000 ---p 00000000 00:00 0 
7f734b320000-7f734b41e000 rw-p 00000000 00:00 0 
7f734b41e000-7f734b421000 ---p 00000000 00:00 0 
7f734b421000-7f734b51f000 rw-p 00000000 00:00 0 
7f734b51f000-7f734b522000 ---p 00000000 00:00 0 
7f734b522000-7f734b620000 rw-p 00000000 00:00 0 
7f734b620000-7f734c000000 r--p 00000000 08:05 1577768                    /usr/lib/locale/locale-archive
7f734c000000-7f734c021000 rw-p 00000000 00:00 0 
7f734c021000-7f7350000000 ---p 00000000 00:00 0 
7f73500af000-7f73500b2000 ---p 00000000 00:00 0 
7f73500b2000-7f73501b0000 rw-p 00000000 00:00 0 
7f73501b0000-7f73501b1000 ---p 00000000 00:00 0 
7f73501b1000-7f73502b1000 rw-p 00000000 00:00 0                          [stack:7699]
7f73502b1000-7f73502b4000 ---p 00000000 00:00 0 
7f73502b4000-7f73503b2000 rw-p 00000000 00:00 0                          [stack:7698]
7f73503b2000-7f73503b5000 ---p 00000000 00:00 0 
7f73503b5000-7f73504b3000 rw-p 00000000 00:00 0                          [stack:7697]
7f73504b3000-7f73504b6000 ---p 00000000 00:00 0 
7f73504b6000-7f73505b4000 rw-p 00000000 00:00 0                          [stack:7696]
7f73505b4000-7f73505b7000 ---p 00000000 00:00 0 
7f73505b7000-7f73506b5000 rw-p 00000000 00:00 0                          [stack:7695]
7f73506b5000-7f73506b8000 ---p 00000000 00:00 0 
7f73506b8000-7f73507b6000 rw-p 00000000 00:00 0                          [stack:7694]
7f73507b6000-7f73507b9000 ---p 00000000 00:00 0 
7f73507b9000-7f73508b7000 rw-p 00000000 00:00 0                          [stack:7693]
7f73508b7000-7f73508b8000 ---p 00000000 00:00 0 
7f73508b8000-7f7351912000 rw-p 00000000 00:00 0                          [stack:7692]
7f7351912000-7f7351ad1000 r--s 039e2000 08:05 6685449                    /usr/lib/jvm/java-7-oracle/jre/lib/rt.jar
7f7351ad1000-7f7354000000 rw-p 00000000 00:00 0 
7f7354000000-7f7354021000 rw-p 00000000 00:00 0 
7f7354021000-7f7358000000 ---p 00000000 00:00 0 
7f735802f000-7f7358030000 ---p 00000000 00:00 0 
7f7358030000-7f7358130000 rw-p 00000000 00:00 0                          [stack:7691]
7f7358130000-7f7358131000 ---p 00000000 00:00 0 
7f7358131000-7f7358231000 rw-p 00000000 00:00 0                          [stack:7690]
7f7358231000-7f7358232000 ---p 00000000 00:00 0 
7f7358232000-7f7358332000 rw-p 00000000 00:00 0                          [stack:7689]
7f7358332000-7f7358333000 ---p 00000000 00:00 0 
7f7358333000-7f7358448000 rw-p 00000000 00:00 0                          [stack:7688]
7f7358448000-7f7358589000 rw-p 00000000 00:00 0 
7f7358589000-7f7358594000 rw-p 00000000 00:00 0 
7f7358594000-7f73585b2000 rw-p 00000000 00:00 0 
7f73585b2000-7f73585c7000 rw-p 00000000 00:00 0 
7f73585c7000-7f7358707000 rw-p 00000000 00:00 0 
7f7358707000-7f7358738000 rw-p 00000000 00:00 0 
7f7358738000-7f73587b2000 rw-p 00000000 00:00 0 
7f73587b2000-7f73587b3000 rw-p 00000000 00:00 0 
7f73587b3000-7f7358a23000 rwxp 00000000 00:00 0 
7f7358a23000-7f735b7b3000 rw-p 00000000 00:00 0 
7f735b7b3000-7f735b7cd000 r-xp 00000000 08:05 6685369                    /usr/lib/jvm/java-7-oracle/jre/lib/amd64/libzip.so
7f735b7cd000-7f735b9cd000 ---p 0001a000 08:05 6685369                    /usr/lib/jvm/java-7-oracle/jre/lib/amd64/libzip.so
7f735b9cd000-7f735b9ce000 rw-p 0001a000 08:05 6685369                    /usr/lib/jvm/java-7-oracle/jre/lib/amd64/libzip.so
7f735b9ce000-7f735b9d9000 r-xp 00000000 08:05 3414561                    /lib/x86_64-linux-gnu/libnss_files-2.19.so
7f735b9d9000-7f735bbd8000 ---p 0000b000 08:05 3414561                    /lib/x86_64-linux-gnu/libnss_files-2.19.so
7f735bbd8000-7f735bbd9000 r--p 0000a000 08:05 3414561                    /lib/x86_64-linux-gnu/libnss_files-2.19.so
7f735bbd9000-7f735bbda000 rw-p 0000b000 08:05 3414561                    /lib/x86_64-linux-gnu/libnss_files-2.19.so
7f735bbda000-7f735bbe5000 r-xp 00000000 08:05 3414571                    /lib/x86_64-linux-gnu/libnss_nis-2.19.so
7f735bbe5000-7f735bde4000 ---p 0000b000 08:05 3414571                    /lib/x86_64-linux-gnu/libnss_nis-2.19.so
7f735bde4000-7f735bde5000 r--p 0000a000 08:05 3414571                    /lib/x86_64-linux-gnu/libnss_nis-2.19.so
7f735bde5000-7f735bde6000 rw-p 0000b000 08:05 3414571                    /lib/x86_64-linux-gnu/libnss_nis-2.19.so
7f735bde6000-7f735bdfd000 r-xp 00000000 08:05 3414555                    /lib/x86_64-linux-gnu/libnsl-2.19.so
7f735bdfd000-7f735bffc000 ---p 00017000 08:05 3414555                    /lib/x86_64-linux-gnu/libnsl-2.19.so
7f735bffc000-7f735bffd000 r--p 00016000 08:05 3414555                    /lib/x86_64-linux-gnu/libnsl-2.19.so
7f735bffd000-7f735bffe000 rw-p 00017000 08:05 3414555                    /lib/x86_64-linux-gnu/libnsl-2.19.so
7f735bffe000-7f735c000000 rw-p 00000000 00:00 0 
7f735c000000-7f735c263000 rw-p 00000000 00:00 0 
7f735c263000-7f7360000000 ---p 00000000 00:00 0 
7f736003d000-7f73600a3000 rw-p 00000000 00:00 0 
7f73600a3000-7f73600c1000 rw-p 00000000 00:00 0 
7f73600c1000-7f73600ca000 r-xp 00000000 08:05 3414557                    /lib/x86_64-linux-gnu/libnss_compat-2.19.so
7f73600ca000-7f73602c9000 ---p 00009000 08:05 3414557                    /lib/x86_64-linux-gnu/libnss_compat-2.19.so
7f73602c9000-7f73602ca000 r--p 00008000 08:05 3414557                    /lib/x86_64-linux-gnu/libnss_compat-2.19.so
7f73602ca000-7f73602cb000 rw-p 00009000 08:05 3414557                    /lib/x86_64-linux-gnu/libnss_compat-2.19.so
7f73602cb000-7f73602f4000 r-xp 00000000 08:05 6685410                    /usr/lib/jvm/java-7-oracle/jre/lib/amd64/libjava.so
7f73602f4000-7f73604f4000 ---p 00029000 08:05 6685410                    /usr/lib/jvm/java-7-oracle/jre/lib/amd64/libjava.so
7f73604f4000-7f73604f6000 rw-p 00029000 08:05 6685410                    /usr/lib/jvm/java-7-oracle/jre/lib/amd64/libjava.so
7f73604f6000-7f7360503000 r-xp 00000000 08:05 6685411                    /usr/lib/jvm/java-7-oracle/jre/lib/amd64/libverify.so
7f7360503000-7f7360702000 ---p 0000d000 08:05 6685411                    /usr/lib/jvm/java-7-oracle/jre/lib/amd64/libverify.so
7f7360702000-7f7360704000 rw-p 0000c000 08:05 6685411                    /usr/lib/jvm/java-7-oracle/jre/lib/amd64/libverify.so
7f7360704000-7f736070b000 r-xp 00000000 08:05 3414614                    /lib/x86_64-linux-gnu/librt-2.19.so
7f736070b000-7f736090a000 ---p 00007000 08:05 3414614                    /lib/x86_64-linux-gnu/librt-2.19.so
7f736090a000-7f736090b000 r--p 00006000 08:05 3414614                    /lib/x86_64-linux-gnu/librt-2.19.so
7f736090b000-7f736090c000 rw-p 00007000 08:05 3414614                    /lib/x86_64-linux-gnu/librt-2.19.so
7f736090c000-7f7360a11000 r-xp 00000000 08:05 3414536                    /lib/x86_64-linux-gnu/libm-2.19.so
7f7360a11000-7f7360c10000 ---p 00105000 08:05 3414536                    /lib/x86_64-linux-gnu/libm-2.19.so
7f7360c10000-7f7360c11000 r--p 00104000 08:05 3414536                    /lib/x86_64-linux-gnu/libm-2.19.so
7f7360c11000-7f7360c12000 rw-p 00105000 08:05 3414536                    /lib/x86_64-linux-gnu/libm-2.19.so
7f7360c12000-7f7361782000 r-xp 00000000 08:05 6685373                    /usr/lib/jvm/java-7-oracle/jre/lib/amd64/server/libjvm.so
7f7361782000-7f7361981000 ---p 00b70000 08:05 6685373                    /usr/lib/jvm/java-7-oracle/jre/lib/amd64/server/libjvm.so
7f7361981000-7f7361a45000 rw-p 00b6f000 08:05 6685373                    /usr/lib/jvm/java-7-oracle/jre/lib/amd64/server/libjvm.so
7f7361a45000-7f7361a86000 rw-p 00000000 00:00 0 
7f7361a86000-7f7361c42000 r-xp 00000000 08:05 3414486                    /lib/x86_64-linux-gnu/libc-2.19.so
7f7361c42000-7f7361e41000 ---p 001bc000 08:05 3414486                    /lib/x86_64-linux-gnu/libc-2.19.so
7f7361e41000-7f7361e45000 r--p 001bb000 08:05 3414486                    /lib/x86_64-linux-gnu/libc-2.19.so
7f7361e45000-7f7361e47000 rw-p 001bf000 08:05 3414486                    /lib/x86_64-linux-gnu/libc-2.19.so
7f7361e47000-7f7361e4c000 rw-p 00000000 00:00 0 
7f7361e4c000-7f7361e4f000 r-xp 00000000 08:05 3414503                    /lib/x86_64-linux-gnu/libdl-2.19.so
7f7361e4f000-7f736204e000 ---p 00003000 08:05 3414503                    /lib/x86_64-linux-gnu/libdl-2.19.so
7f736204e000-7f736204f000 r--p 00002000 08:05 3414503                    /lib/x86_64-linux-gnu/libdl-2.19.so
7f736204f000-7f7362050000 rw-p 00003000 08:05 3414503                    /lib/x86_64-linux-gnu/libdl-2.19.so
7f7362050000-7f7362066000 r-xp 00000000 08:05 6685395                    /usr/lib/jvm/java-7-oracle/jre/lib/amd64/jli/libjli.so
7f7362066000-7f7362266000 ---p 00016000 08:05 6685395                    /usr/lib/jvm/java-7-oracle/jre/lib/amd64/jli/libjli.so
7f7362266000-7f7362267000 rw-p 00016000 08:05 6685395                    /usr/lib/jvm/java-7-oracle/jre/lib/amd64/jli/libjli.so
7f7362267000-7f7362280000 r-xp 00000000 08:05 3414606                    /lib/x86_64-linux-gnu/libpthread-2.19.so
7f7362280000-7f736247f000 ---p 00019000 08:05 3414606                    /lib/x86_64-linux-gnu/libpthread-2.19.so
7f736247f000-7f7362480000 r--p 00018000 08:05 3414606                    /lib/x86_64-linux-gnu/libpthread-2.19.so
7f7362480000-7f7362481000 rw-p 00019000 08:05 3414606                    /lib/x86_64-linux-gnu/libpthread-2.19.so
7f7362481000-7f7362485000 rw-p 00000000 00:00 0 
7f7362485000-7f73624a8000 r-xp 00000000 08:05 3414462                    /lib/x86_64-linux-gnu/ld-2.19.so
7f73624ac000-7f73624ba000 r--s 000cf000 08:05 5636128                    /usr/share/android-studio/data/sdk/build-tools/19.1.0/lib/dx.jar
7f73624ba000-7f73624c4000 rw-p 00000000 00:00 0 
7f73624c4000-7f736257a000 rw-p 00000000 00:00 0 
7f736257a000-7f736257d000 ---p 00000000 00:00 0 
7f736257d000-7f736267f000 rw-p 00000000 00:00 0                          [stack:7687]
7f7362680000-7f7362681000 rw-p 00000000 00:00 0 
7f7362681000-7f7362685000 r--s 0008a000 08:05 6685474                    /usr/lib/jvm/java-7-oracle/jre/lib/jsse.jar
7f7362685000-7f736269b000 rw-p 00000000 00:00 0 
7f736269b000-7f73626a3000 rw-s 00000000 08:05 6563113                    /tmp/hsperfdata_yazeed44/7678
7f73626a3000-7f73626a4000 rw-p 00000000 00:00 0 
7f73626a4000-7f73626a5000 ---p 00000000 00:00 0 
7f73626a5000-7f73626a7000 rw-p 00000000 00:00 0 
7f73626a7000-7f73626a8000 r--p 00022000 08:05 3414462                    /lib/x86_64-linux-gnu/ld-2.19.so
7f73626a8000-7f73626a9000 rw-p 00023000 08:05 3414462                    /lib/x86_64-linux-gnu/ld-2.19.so
7f73626a9000-7f73626aa000 rw-p 00000000 00:00 0 
7fff12548000-7fff12569000 rw-p 00000000 00:00 0                          [stack]
7fff125eb000-7fff125ed000 r-xp 00000000 00:00 0                          [vdso]
ffffffffff600000-ffffffffff601000 r-xp 00000000 00:00 0                  [vsyscall]

VM Arguments:
jvm_args: -Xmx1024M 
java_command: /usr/share/android-studio/data/sdk/build-tools/19.1.0/lib/dx.jar --dex --num-threads=4 --output /mnt/D6B3449F5FA95689/workspace/GraduateReference/app/build/intermediates/dex/debug /mnt/D6B3449F5FA95689/workspace/GraduateReference/app/build/intermediates/classes/debug /mnt/D6B3449F5FA95689/workspace/GraduateReference/app/build/intermediates/dependency-cache/debug /mnt/D6B3449F5FA95689/workspace/GraduateReference/app/build/intermediates/pre-dexed/debug/classes-d40895ac0d5822857b1edcb6df25a01d6704fe1b.jar /mnt/D6B3449F5FA95689/workspace/GraduateReference/app/build/intermediates/pre-dexed/debug/support-v4-19.1.0-bfe6379f31d17615f5ca4b83bd0a7235fba0720f.jar
Launcher Type: SUN_STANDARD

Environment Variables:
CLASSPATH=/usr/share/android-studio/data/bin/../lib/bootstrap.jar:/usr/share/android-studio/data/bin/../lib/extensions.jar:/usr/share/android-studio/data/bin/../lib/util.jar:/usr/share/android-studio/data/bin/../lib/jdom.jar:/usr/share/android-studio/data/bin/../lib/log4j.jar:/usr/share/android-studio/data/bin/../lib/trove4j.jar:/usr/share/android-studio/data/bin/../lib/jna.jar:/usr/lib/jvm/java-7-oracle/lib/tools.jar
PATH=/usr/local/sbin:/usr/local/bin:/usr/sbin:/usr/bin:/sbin:/bin:/usr/games:/usr/local/games
LD_LIBRARY_PATH=/usr/share/android-studio/data/bin:
SHELL=/bin/bash
DISPLAY=:0.0

Signal Handlers:
SIGSEGV: [libjvm.so+0x99f0f0], sa_mask[0]=0x7ffbfeff, sa_flags=0x10000004
SIGBUS: [libjvm.so+0x99f0f0], sa_mask[0]=0x7ffbfeff, sa_flags=0x10000004
SIGFPE: [libjvm.so+0x81a6d0], sa_mask[0]=0x7ffbfeff, sa_flags=0x10000004
SIGPIPE: [libjvm.so+0x81a6d0], sa_mask[0]=0x7ffbfeff, sa_flags=0x10000004
SIGXFSZ: [libjvm.so+0x81a6d0], sa_mask[0]=0x7ffbfeff, sa_flags=0x10000004
SIGILL: [libjvm.so+0x81a6d0], sa_mask[0]=0x7ffbfeff, sa_flags=0x10000004
SIGUSR1: SIG_DFL, sa_mask[0]=0x00000000, sa_flags=0x00000000
SIGUSR2: [libjvm.so+0x81bed0], sa_mask[0]=0x00000004, sa_flags=0x10000004
SIGHUP: [libjvm.so+0x81cfd0], sa_mask[0]=0x7ffbfeff, sa_flags=0x10000004
SIGINT: [libjvm.so+0x81cfd0], sa_mask[0]=0x7ffbfeff, sa_flags=0x10000004
SIGTERM: [libjvm.so+0x81cfd0], sa_mask[0]=0x7ffbfeff, sa_flags=0x10000004
SIGQUIT: [libjvm.so+0x81cfd0], sa_mask[0]=0x7ffbfeff, sa_flags=0x10000004


---------------  S Y S T E M  ---------------

OS:jessie/sid

uname:Linux 3.13.0-29-generic #53-Ubuntu SMP Wed Jun 4 21:00:20 UTC 2014 x86_64
libc:glibc 2.19 NPTL 2.19 
rlimit: STACK 8192k, CORE 0k, NPROC 30942, NOFILE 4096, AS infinity
load average:5.48 2.72 2.13

/proc/meminfo:
MemTotal:        4048084 kB
MemFree:          146908 kB
Buffers:             316 kB
Cached:            94336 kB
SwapCached:            0 kB
Active:          3631684 kB
Inactive:          87224 kB
Active(anon):    3626720 kB
Inactive(anon):    82884 kB
Active(file):       4964 kB
Inactive(file):     4340 kB
Unevictable:          16 kB
Mlocked:              16 kB
SwapTotal:             0 kB
SwapFree:              0 kB
Dirty:               272 kB
Writeback:             0 kB
AnonPages:       3624700 kB
Mapped:            88940 kB
Shmem:             84916 kB
Slab:              60468 kB
SReclaimable:      25064 kB
SUnreclaim:        35404 kB
KernelStack:        4976 kB
PageTables:        38972 kB
NFS_Unstable:          0 kB
Bounce:                0 kB
WritebackTmp:          0 kB
CommitLimit:     2024040 kB
Committed_AS:    6672172 kB
VmallocTotal:   34359738367 kB
VmallocUsed:      291660 kB
VmallocChunk:   34359371260 kB
HardwareCorrupted:     0 kB
AnonHugePages:    235520 kB
HugePages_Total:       0
HugePages_Free:        0
HugePages_Rsvd:        0
HugePages_Surp:        0
Hugepagesize:       2048 kB
DirectMap4k:      108096 kB
DirectMap2M:     4085760 kB
DirectMap1G:           0 kB


CPU:total 4 (4 cores per cpu, 1 threads per core) family 16 model 4 stepping 2, cmov, cx8, fxsr, mmx, sse, sse2, sse3, popcnt, mmxext, 3dnowpref, lzcnt, sse4a, tsc, tscinvbit, tscinv

/proc/cpuinfo:
processor	: 0
vendor_id	: AuthenticAMD
cpu family	: 16
model		: 4
model name	: AMD Phenom(tm) II X4 955 Processor
stepping	: 2
microcode	: 0x1000086
cpu MHz		: 800.000
cache size	: 512 KB
physical id	: 0
siblings	: 4
core id		: 0
cpu cores	: 4
apicid		: 0
initial apicid	: 0
fpu		: yes
fpu_exception	: yes
cpuid level	: 5
wp		: yes
flags		: fpu vme de pse tsc msr pae mce cx8 apic sep mtrr pge mca cmov pat pse36 clflush mmx fxsr sse sse2 ht syscall nx mmxext fxsr_opt pdpe1gb rdtscp lm 3dnowext 3dnow constant_tsc rep_good nopl nonstop_tsc extd_apicid pni monitor cx16 popcnt lahf_lm cmp_legacy svm extapic cr8_legacy abm sse4a misalignsse 3dnowprefetch osvw ibs skinit wdt hw_pstate npt lbrv svm_lock nrip_save
bogomips	: 6399.61
TLB size	: 1024 4K pages
clflush size	: 64
cache_alignment	: 64
address sizes	: 48 bits physical, 48 bits virtual
power management: ts ttp tm stc 100mhzsteps hwpstate

processor	: 1
vendor_id	: AuthenticAMD
cpu family	: 16
model		: 4
model name	: AMD Phenom(tm) II X4 955 Processor
stepping	: 2
microcode	: 0x1000086
cpu MHz		: 800.000
cache size	: 512 KB
physical id	: 0
siblings	: 4
core id		: 1
cpu cores	: 4
apicid		: 1
initial apicid	: 1
fpu		: yes
fpu_exception	: yes
cpuid level	: 5
wp		: yes
flags		: fpu vme de pse tsc msr pae mce cx8 apic sep mtrr pge mca cmov pat pse36 clflush mmx fxsr sse sse2 ht syscall nx mmxext fxsr_opt pdpe1gb rdtscp lm 3dnowext 3dnow constant_tsc rep_good nopl nonstop_tsc extd_apicid pni monitor cx16 popcnt lahf_lm cmp_legacy svm extapic cr8_legacy abm sse4a misalignsse 3dnowprefetch osvw ibs skinit wdt hw_pstate npt lbrv svm_lock nrip_save
bogomips	: 6399.61
TLB size	: 1024 4K pages
clflush size	: 64
cache_alignment	: 64
address sizes	: 48 bits physical, 48 bits virtual
power management: ts ttp tm stc 100mhzsteps hwpstate

processor	: 2
vendor_id	: AuthenticAMD
cpu family	: 16
model		: 4
model name	: AMD Phenom(tm) II X4 955 Processor
stepping	: 2
microcode	: 0x1000086
cpu MHz		: 800.000
cache size	: 512 KB
physical id	: 0
siblings	: 4
core id		: 2
cpu cores	: 4
apicid		: 2
initial apicid	: 2
fpu		: yes
fpu_exception	: yes
cpuid level	: 5
wp		: yes
flags		: fpu vme de pse tsc msr pae mce cx8 apic sep mtrr pge mca cmov pat pse36 clflush mmx fxsr sse sse2 ht syscall nx mmxext fxsr_opt pdpe1gb rdtscp lm 3dnowext 3dnow constant_tsc rep_good nopl nonstop_tsc extd_apicid pni monitor cx16 popcnt lahf_lm cmp_legacy svm extapic cr8_legacy abm sse4a misalignsse 3dnowprefetch osvw ibs skinit wdt hw_pstate npt lbrv svm_lock nrip_save
bogomips	: 6399.61
TLB size	: 1024 4K pages
clflush size	: 64
cache_alignment	: 64
address sizes	: 48 bits physical, 48 bits virtual
power management: ts ttp tm stc 100mhzsteps hwpstate

processor	: 3
vendor_id	: AuthenticAMD
cpu family	: 16
model		: 4
model name	: AMD Phenom(tm) II X4 955 Processor
stepping	: 2
microcode	: 0x1000086
cpu MHz		: 3200.000
cache size	: 512 KB
physical id	: 0
siblings	: 4
core id		: 3
cpu cores	: 4
apicid		: 3
initial apicid	: 3
fpu		: yes
fpu_exception	: yes
cpuid level	: 5
wp		: yes
flags		: fpu vme de pse tsc msr pae mce cx8 apic sep mtrr pge mca cmov pat pse36 clflush mmx fxsr sse sse2 ht syscall nx mmxext fxsr_opt pdpe1gb rdtscp lm 3dnowext 3dnow constant_tsc rep_good nopl nonstop_tsc extd_apicid pni monitor cx16 popcnt lahf_lm cmp_legacy svm extapic cr8_legacy abm sse4a misalignsse 3dnowprefetch osvw ibs skinit wdt hw_pstate npt lbrv svm_lock nrip_save
bogomips	: 6399.61
TLB size	: 1024 4K pages
clflush size	: 64
cache_alignment	: 64
address sizes	: 48 bits physical, 48 bits virtual
power management: ts ttp tm stc 100mhzsteps hwpstate



Memory: 4k page, physical 4048084k(146460k free), swap 0k(0k free)

vm_info: Java HotSpot(TM) 64-Bit Server VM (24.60-b09) for linux-amd64 JRE (1.7.0_60-b19), built on May  7 2014 13:18:30 by "java_re" with gcc 4.3.0 20080428 (Red Hat 4.3.0-8)

time: Fri Jun 13 00:20:13 2014
elapsed time: 23 seconds

